<?xml version="1.0" encoding="UTF-8"?>
<!-- Generated by org.testng.reporters.JUnitReportReporter -->
<testsuite hostname="EdDSingh" failures="0" tests="6" name="codeChallenge.Automated_Scenarios" time="114.030" errors="0" timestamp="2022-05-03T10:40:58 IST" skipped="0">
  <testcase classname="codeChallenge.Automated_Scenarios" name="Scenario_01" time="76.400"/>
  <system-out/>
  <testcase classname="codeChallenge.Automated_Scenarios" name="Scenario_02" time="8.178"/>
  <system-out/>
  <testcase classname="codeChallenge.Automated_Scenarios" name="Scenario_03" time="8.193"/>
  <system-out/>
  <testcase classname="codeChallenge.Automated_Scenarios" name="Scenario_04" time="7.011"/>
  <system-out/>
  <testcase classname="codeChallenge.Automated_Scenarios" name="Scenario_05" time="3.753"/>
  <system-out/>
  <testcase classname="codeChallenge.Automated_Scenarios" name="Scenario_06" time="10.495"/>
  <system-out/>
</testsuite> <!-- codeChallenge.Automated_Scenarios -->
