<?xml version="1.0" encoding="UTF-8"?>
<!-- Generated by org.testng.reporters.JUnitReportReporter -->
<testsuite hostname="EdDSingh" failures="0" tests="6" name="codeChallenge.Automated_Scenarios" time="107.295" errors="0" timestamp="2022-05-03T02:17:36 IST" skipped="0">
  <testcase classname="codeChallenge.Automated_Scenarios" name="Scenario_01" time="70.224"/>
  <system-out/>
  <testcase classname="codeChallenge.Automated_Scenarios" name="Scenario_02" time="9.096"/>
  <system-out/>
  <testcase classname="codeChallenge.Automated_Scenarios" name="Scenario_03" time="9.205"/>
  <system-out/>
  <testcase classname="codeChallenge.Automated_Scenarios" name="Scenario_04" time="7.934"/>
  <system-out/>
  <testcase classname="codeChallenge.Automated_Scenarios" name="Scenario_05" time="4.632"/>
  <system-out/>
  <testcase classname="codeChallenge.Automated_Scenarios" name="Scenario_06" time="6.204"/>
  <system-out/>
</testsuite> <!-- codeChallenge.Automated_Scenarios -->
